<?xml version="1.0" encoding="UTF-8"?>
<testsuite name="ContactsTest" tests="1" skipped="0" failures="0" errors="0" timestamp="2022-03-04T15:30:17" hostname="DESKTOP-HNQ0AKR" time="3.218">
  <properties/>
  <testcase name="start" classname="ContactsTest" time="3.218"/>
  <system-out><![CDATA[?[1;31m
Start test 1?[0m
[menu]Enter action (add, list, search, count, exit):
> exit
?[1;31m
Start test 2?[0m
[menu]Enter action (add, list, search, count, exit):
> count
The Phone Book has 0 records.

[menu]Enter action (add, list, search, count, exit):
> exit
?[1;31m
Start test 3?[0m
[menu]Enter action (add, list, search, count, exit):
> add
Enter the type (person, organization):
> person
Enter the name:
> John
Enter the surname:
> Smith
Enter the birth date:
> 
Bad birth date!
Enter the Gender(M,F)
> 
Bad Gender!
Enter the number:
> 123 456 789
The record added.

[menu]Enter action (add, list, search, count, exit):
> count
The Phone Book has 1 records.

[menu]Enter action (add, list, search, count, exit):
> exit
?[1;31m
Start test 4?[0m
[menu]Enter action (add, list, search, count, exit):
> add
Enter the type (person, organization):
> person
Enter the name:
> John
Enter the surname:
> Smith
Enter the birth date:
> 
Bad birth date!
Enter the Gender(M,F)
> 
Bad Gender!
Enter the number:
> 123 456 789
The record added.

[menu]Enter action (add, list, search, count, exit):
> list
1. John Smith

[list] Enter action ([number], back):
> 1
Name: John
Surname: Smith
Birth date: [no data]
Gender: [no data]
Number: 123 456 789
Time created: 2022-03-04T16:30
Time last edit: 2022-03-04T16:30

[record] Enter action (edit, delete, menu):
> menu
1. John Smith

[menu]Enter action (add, list, search, count, exit):
> exit
?[1;31m
Start test 5?[0m
[menu]Enter action (add, list, search, count, exit):
> add
Enter the type (person, organization):
> organization
Enter the organization name:
> Pizza Shop
Enter the address:
> Wall St. 1
Enter the number:
> +0 (123) 456-789-9999
The record added.

[menu]Enter action (add, list, search, count, exit):
> list
1. Pizza Shop

[list] Enter action ([number], back):
> 1
Organization name: Pizza Shop
Address: Wall St. 1
Number: +0 (123) 456-789-9999
Time created: 2022-03-04T16:30
Time last edit: 2022-03-04T16:30

[record] Enter action (edit, delete, menu):
> menu
1. Pizza Shop

[menu]Enter action (add, list, search, count, exit):
> exit
?[1;31m
Start test 6?[0m
[menu]Enter action (add, list, search, count, exit):
> add
Enter the type (person, organization):
> person
Enter the name:
> John
Enter the surname:
> Smith
Enter the birth date:
> 
Bad birth date!
Enter the Gender(M,F)
> 
Bad Gender!
Enter the number:
> 123 456 789
The record added.

[menu]Enter action (add, list, search, count, exit):
> list
1. John Smith

[list] Enter action ([number], back):
> 1
Name: John
Surname: Smith
Birth date: [no data]
Gender: [no data]
Number: 123 456 789
Time created: 2022-03-04T16:30
Time last edit: 2022-03-04T16:30

[record] Enter action (edit, delete, menu):
> edit
Select a field (name, surname, birth, gender, number):
> gender
Enter gender:
> M
The record updated!
Saved
Name: John
Surname: Smith
Birth date: [no data]
Gender: M
Number: 123 456 789
Time created: 2022-03-04T16:30
Time last edit: 2022-03-04T16:30

[record] Enter action (edit, delete, menu):
> menu
1. John Smith

[menu]Enter action (add, list, search, count, exit):
> list
1. John Smith

[list] Enter action ([number], back):
> 1
Name: John
Surname: Smith
Birth date: [no data]
Gender: M
Number: 123 456 789
Time created: 2022-03-04T16:30
Time last edit: 2022-03-04T16:30

[record] Enter action (edit, delete, menu):
> menu
1. John Smith

[menu]Enter action (add, list, search, count, exit):
> exit
?[1;31m
Start test 7?[0m
[menu]Enter action (add, list, search, count, exit):
> add
Enter the type (person, organization):
> organization
Enter the organization name:
> Pizza Shop
Enter the address:
> Wall St. 1
Enter the number:
> +0 (123) 456-789-9999
The record added.

[menu]Enter action (add, list, search, count, exit):
> list
1. Pizza Shop

[list] Enter action ([number], back):
> 1
Organization name: Pizza Shop
Address: Wall St. 1
Number: +0 (123) 456-789-9999
Time created: 2022-03-04T16:30
Time last edit: 2022-03-04T16:30

[record] Enter action (edit, delete, menu):
> edit
Select a field (name, address, number):
> address
Enter address:
> Wall St 2
The record updated!
Saved
Organization name: Pizza Shop
Address: Wall St 2
Number: +0 (123) 456-789-9999
Time created: 2022-03-04T16:30
Time last edit: 2022-03-04T16:30

[record] Enter action (edit, delete, menu):
> menu
1. Pizza Shop

[menu]Enter action (add, list, search, count, exit):
> list
1. Pizza Shop

[list] Enter action ([number], back):
> 1
Organization name: Pizza Shop
Address: Wall St 2
Number: +0 (123) 456-789-9999
Time created: 2022-03-04T16:30
Time last edit: 2022-03-04T16:30

[record] Enter action (edit, delete, menu):
> menu
1. Pizza Shop

[menu]Enter action (add, list, search, count, exit):
> exit
?[1;31m
Start test 8?[0m
[menu]Enter action (add, list, search, count, exit):
> add
Enter the type (person, organization):
> organization
Enter the organization name:
> Pizza Shop
Enter the address:
> Wall St. 1
Enter the number:
> +0 (123) 456-789-9999
The record added.

[menu]Enter action (add, list, search, count, exit):
> add
Enter the type (person, organization):
> person
Enter the name:
> John
Enter the surname:
> Smith
Enter the birth date:
> 
Bad birth date!
Enter the Gender(M,F)
> 
Bad Gender!
Enter the number:
> 123 456 789
The record added.

[menu]Enter action (add, list, search, count, exit):
> add
Enter the type (person, organization):
> organization
Enter the organization name:
> PizzaNuts
Enter the address:
> Wall St. 6
Enter the number:
> +0 (123) 456-789-9999
The record added.

[menu]Enter action (add, list, search, count, exit):
> search
Enter search query:
> pizz
Found 2 results:
1. Pizza Shop
2. PizzaNuts

[search] Enter action ([number], back, again):
> 1
Organization name: Pizza Shop
Address: Wall St. 1
Number: +0 (123) 456-789-9999
Time created: 2022-03-04T16:30
Time last edit: 2022-03-04T16:30

[record] Enter action (edit, delete, menu):
> menu

[menu]Enter action (add, list, search, count, exit):
> exit
?[1;31m
Start test 9?[0m
[menu]Enter action (add, list, search, count, exit):
> add
Enter the type (person, organization):
> organization
Enter the organization name:
> Pizza Shop
Enter the address:
> Wall St. 1
Enter the number:
> +0 (123) 456-789-9999
The record added.

[menu]Enter action (add, list, search, count, exit):
> add
Enter the type (person, organization):
> person
Enter the name:
> John
Enter the surname:
> Smith
Enter the birth date:
> 
Bad birth date!
Enter the Gender(M,F)
> 
Bad Gender!
Enter the number:
> 123 456 789
The record added.

[menu]Enter action (add, list, search, count, exit):
> add
Enter the type (person, organization):
> organization
Enter the organization name:
> PizzaNuts
Enter the address:
> Wall St. 6
Enter the number:
> +0 (123) 456-789-9999
The record added.

[menu]Enter action (add, list, search, count, exit):
> search
Enter search query:
> s
Found 3 results:
1. Pizza Shop
2. John Smith
3. PizzaNuts

[search] Enter action ([number], back, again):
> 1
Organization name: Pizza Shop
Address: Wall St. 1
Number: +0 (123) 456-789-9999
Time created: 2022-03-04T16:30
Time last edit: 2022-03-04T16:30

[record] Enter action (edit, delete, menu):
> menu

[menu]Enter action (add, list, search, count, exit):
> exit
?[1;31m
Start test 10?[0m
[menu]Enter action (add, list, search, count, exit):
> add
Enter the type (person, organization):
> organization
Enter the organization name:
> Pizza Shop
Enter the address:
> Wall St. 1
Enter the number:
> +0 (123) 456-789-9999
The record added.

[menu]Enter action (add, list, search, count, exit):
> add
Enter the type (person, organization):
> person
Enter the name:
> John
Enter the surname:
> Smith
Enter the birth date:
> 
Bad birth date!
Enter the Gender(M,F)
> 
Bad Gender!
Enter the number:
> 123 456 789
The record added.

[menu]Enter action (add, list, search, count, exit):
> add
Enter the type (person, organization):
> organization
Enter the organization name:
> PizzaNuts
Enter the address:
> Wall St. 6
Enter the number:
> +0 (123) 456-781-9999
The record added.

[menu]Enter action (add, list, search, count, exit):
> search
Enter search query:
> 789
Found 2 results:
1. Pizza Shop
2. John Smith

[search] Enter action ([number], back, again):
> 1
Organization name: Pizza Shop
Address: Wall St. 1
Number: +0 (123) 456-789-9999
Time created: 2022-03-04T16:30
Time last edit: 2022-03-04T16:30

[record] Enter action (edit, delete, menu):
> menu

[menu]Enter action (add, list, search, count, exit):
> exit
]]></system-out>
  <system-err><![CDATA[java.io.FileNotFoundException: phonebook.db (The system cannot find the file specified)
	at java.base/java.io.FileInputStream.open0(Native Method)
	at java.base/java.io.FileInputStream.open(FileInputStream.java:216)
	at java.base/java.io.FileInputStream.<init>(FileInputStream.java:157)
	at contacts.phoneBook.PhoneBook.loadFromFile(PhoneBook.java:92)
	at contacts.phoneBook.PhoneBook.<init>(PhoneBook.java:13)
	at contacts.userInterface.UserInterface.<init>(UserInterface.java:19)
	at contacts.Main.main(Main.java:7)
	at java.base/jdk.internal.reflect.NativeMethodAccessorImpl.invoke0(Native Method)
	at java.base/jdk.internal.reflect.NativeMethodAccessorImpl.invoke(NativeMethodAccessorImpl.java:77)
	at java.base/jdk.internal.reflect.DelegatingMethodAccessorImpl.invoke(DelegatingMethodAccessorImpl.java:43)
	at java.base/java.lang.reflect.Method.invoke(Method.java:568)
	at org.hyperskill.hstest.testing.execution.MainMethodExecutor.invokeMain(MainMethodExecutor.java:172)
	at org.hyperskill.hstest.testing.execution.MainMethodExecutor.lambda$launch$0(MainMethodExecutor.java:199)
	at java.base/java.util.concurrent.Executors$RunnableAdapter.call(Executors.java:539)
	at java.base/java.util.concurrent.FutureTask.run(FutureTask.java:264)
	at java.base/java.util.concurrent.ThreadPoolExecutor.runWorker(ThreadPoolExecutor.java:1136)
	at java.base/java.util.concurrent.ThreadPoolExecutor$Worker.run(ThreadPoolExecutor.java:635)
	at java.base/java.lang.Thread.run(Thread.java:833)
java.io.FileNotFoundException: phonebook.db (The system cannot find the file specified)
	at java.base/java.io.FileInputStream.open0(Native Method)
	at java.base/java.io.FileInputStream.open(FileInputStream.java:216)
	at java.base/java.io.FileInputStream.<init>(FileInputStream.java:157)
	at contacts.phoneBook.PhoneBook.loadFromFile(PhoneBook.java:92)
	at contacts.phoneBook.PhoneBook.<init>(PhoneBook.java:13)
	at contacts.userInterface.UserInterface.<init>(UserInterface.java:19)
	at contacts.Main.main(Main.java:7)
	at java.base/jdk.internal.reflect.NativeMethodAccessorImpl.invoke0(Native Method)
	at java.base/jdk.internal.reflect.NativeMethodAccessorImpl.invoke(NativeMethodAccessorImpl.java:77)
	at java.base/jdk.internal.reflect.DelegatingMethodAccessorImpl.invoke(DelegatingMethodAccessorImpl.java:43)
	at java.base/java.lang.reflect.Method.invoke(Method.java:568)
	at org.hyperskill.hstest.testing.execution.MainMethodExecutor.invokeMain(MainMethodExecutor.java:172)
	at org.hyperskill.hstest.testing.execution.MainMethodExecutor.lambda$launch$0(MainMethodExecutor.java:199)
	at java.base/java.util.concurrent.Executors$RunnableAdapter.call(Executors.java:539)
	at java.base/java.util.concurrent.FutureTask.run(FutureTask.java:264)
	at java.base/java.util.concurrent.ThreadPoolExecutor.runWorker(ThreadPoolExecutor.java:1136)
	at java.base/java.util.concurrent.ThreadPoolExecutor$Worker.run(ThreadPoolExecutor.java:635)
	at java.base/java.lang.Thread.run(Thread.java:833)
java.io.FileNotFoundException: phonebook.db (The system cannot find the file specified)
	at java.base/java.io.FileInputStream.open0(Native Method)
	at java.base/java.io.FileInputStream.open(FileInputStream.java:216)
	at java.base/java.io.FileInputStream.<init>(FileInputStream.java:157)
	at contacts.phoneBook.PhoneBook.loadFromFile(PhoneBook.java:92)
	at contacts.phoneBook.PhoneBook.<init>(PhoneBook.java:13)
	at contacts.userInterface.UserInterface.<init>(UserInterface.java:19)
	at contacts.Main.main(Main.java:7)
	at java.base/jdk.internal.reflect.NativeMethodAccessorImpl.invoke0(Native Method)
	at java.base/jdk.internal.reflect.NativeMethodAccessorImpl.invoke(NativeMethodAccessorImpl.java:77)
	at java.base/jdk.internal.reflect.DelegatingMethodAccessorImpl.invoke(DelegatingMethodAccessorImpl.java:43)
	at java.base/java.lang.reflect.Method.invoke(Method.java:568)
	at org.hyperskill.hstest.testing.execution.MainMethodExecutor.invokeMain(MainMethodExecutor.java:172)
	at org.hyperskill.hstest.testing.execution.MainMethodExecutor.lambda$launch$0(MainMethodExecutor.java:199)
	at java.base/java.util.concurrent.Executors$RunnableAdapter.call(Executors.java:539)
	at java.base/java.util.concurrent.FutureTask.run(FutureTask.java:264)
	at java.base/java.util.concurrent.ThreadPoolExecutor.runWorker(ThreadPoolExecutor.java:1136)
	at java.base/java.util.concurrent.ThreadPoolExecutor$Worker.run(ThreadPoolExecutor.java:635)
	at java.base/java.lang.Thread.run(Thread.java:833)
java.time.format.DateTimeParseException: Text '' could not be parsed at index 0
	at java.base/java.time.format.DateTimeFormatter.parseResolved0(DateTimeFormatter.java:2052)
	at java.base/java.time.format.DateTimeFormatter.parse(DateTimeFormatter.java:1954)
	at java.base/java.time.LocalDate.parse(LocalDate.java:430)
	at contacts.userInterface.UserInterface.setDate(UserInterface.java:183)
	at contacts.userInterface.UserInterface.addPerson(UserInterface.java:167)
	at contacts.userInterface.UserInterface.start(UserInterface.java:33)
	at contacts.Main.main(Main.java:7)
	at java.base/jdk.internal.reflect.NativeMethodAccessorImpl.invoke0(Native Method)
	at java.base/jdk.internal.reflect.NativeMethodAccessorImpl.invoke(NativeMethodAccessorImpl.java:77)
	at java.base/jdk.internal.reflect.DelegatingMethodAccessorImpl.invoke(DelegatingMethodAccessorImpl.java:43)
	at java.base/java.lang.reflect.Method.invoke(Method.java:568)
	at org.hyperskill.hstest.testing.execution.MainMethodExecutor.invokeMain(MainMethodExecutor.java:172)
	at org.hyperskill.hstest.testing.execution.MainMethodExecutor.lambda$launch$0(MainMethodExecutor.java:199)
	at java.base/java.util.concurrent.Executors$RunnableAdapter.call(Executors.java:539)
	at java.base/java.util.concurrent.FutureTask.run(FutureTask.java:264)
	at java.base/java.util.concurrent.ThreadPoolExecutor.runWorker(ThreadPoolExecutor.java:1136)
	at java.base/java.util.concurrent.ThreadPoolExecutor$Worker.run(ThreadPoolExecutor.java:635)
	at java.base/java.lang.Thread.run(Thread.java:833)
java.io.FileNotFoundException: phonebook.db (The system cannot find the file specified)
	at java.base/java.io.FileInputStream.open0(Native Method)
	at java.base/java.io.FileInputStream.open(FileInputStream.java:216)
	at java.base/java.io.FileInputStream.<init>(FileInputStream.java:157)
	at contacts.phoneBook.PhoneBook.loadFromFile(PhoneBook.java:92)
	at contacts.phoneBook.PhoneBook.<init>(PhoneBook.java:13)
	at contacts.userInterface.UserInterface.<init>(UserInterface.java:19)
	at contacts.Main.main(Main.java:7)
	at java.base/jdk.internal.reflect.NativeMethodAccessorImpl.invoke0(Native Method)
	at java.base/jdk.internal.reflect.NativeMethodAccessorImpl.invoke(NativeMethodAccessorImpl.java:77)
	at java.base/jdk.internal.reflect.DelegatingMethodAccessorImpl.invoke(DelegatingMethodAccessorImpl.java:43)
	at java.base/java.lang.reflect.Method.invoke(Method.java:568)
	at org.hyperskill.hstest.testing.execution.MainMethodExecutor.invokeMain(MainMethodExecutor.java:172)
	at org.hyperskill.hstest.testing.execution.MainMethodExecutor.lambda$launch$0(MainMethodExecutor.java:199)
	at java.base/java.util.concurrent.Executors$RunnableAdapter.call(Executors.java:539)
	at java.base/java.util.concurrent.FutureTask.run(FutureTask.java:264)
	at java.base/java.util.concurrent.ThreadPoolExecutor.runWorker(ThreadPoolExecutor.java:1136)
	at java.base/java.util.concurrent.ThreadPoolExecutor$Worker.run(ThreadPoolExecutor.java:635)
	at java.base/java.lang.Thread.run(Thread.java:833)
java.time.format.DateTimeParseException: Text '' could not be parsed at index 0
	at java.base/java.time.format.DateTimeFormatter.parseResolved0(DateTimeFormatter.java:2052)
	at java.base/java.time.format.DateTimeFormatter.parse(DateTimeFormatter.java:1954)
	at java.base/java.time.LocalDate.parse(LocalDate.java:430)
	at contacts.userInterface.UserInterface.setDate(UserInterface.java:183)
	at contacts.userInterface.UserInterface.addPerson(UserInterface.java:167)
	at contacts.userInterface.UserInterface.start(UserInterface.java:33)
	at contacts.Main.main(Main.java:7)
	at java.base/jdk.internal.reflect.NativeMethodAccessorImpl.invoke0(Native Method)
	at java.base/jdk.internal.reflect.NativeMethodAccessorImpl.invoke(NativeMethodAccessorImpl.java:77)
	at java.base/jdk.internal.reflect.DelegatingMethodAccessorImpl.invoke(DelegatingMethodAccessorImpl.java:43)
	at java.base/java.lang.reflect.Method.invoke(Method.java:568)
	at org.hyperskill.hstest.testing.execution.MainMethodExecutor.invokeMain(MainMethodExecutor.java:172)
	at org.hyperskill.hstest.testing.execution.MainMethodExecutor.lambda$launch$0(MainMethodExecutor.java:199)
	at java.base/java.util.concurrent.Executors$RunnableAdapter.call(Executors.java:539)
	at java.base/java.util.concurrent.FutureTask.run(FutureTask.java:264)
	at java.base/java.util.concurrent.ThreadPoolExecutor.runWorker(ThreadPoolExecutor.java:1136)
	at java.base/java.util.concurrent.ThreadPoolExecutor$Worker.run(ThreadPoolExecutor.java:635)
	at java.base/java.lang.Thread.run(Thread.java:833)
java.io.FileNotFoundException: phonebook.db (The system cannot find the file specified)
	at java.base/java.io.FileInputStream.open0(Native Method)
	at java.base/java.io.FileInputStream.open(FileInputStream.java:216)
	at java.base/java.io.FileInputStream.<init>(FileInputStream.java:157)
	at contacts.phoneBook.PhoneBook.loadFromFile(PhoneBook.java:92)
	at contacts.phoneBook.PhoneBook.<init>(PhoneBook.java:13)
	at contacts.userInterface.UserInterface.<init>(UserInterface.java:19)
	at contacts.Main.main(Main.java:7)
	at java.base/jdk.internal.reflect.NativeMethodAccessorImpl.invoke0(Native Method)
	at java.base/jdk.internal.reflect.NativeMethodAccessorImpl.invoke(NativeMethodAccessorImpl.java:77)
	at java.base/jdk.internal.reflect.DelegatingMethodAccessorImpl.invoke(DelegatingMethodAccessorImpl.java:43)
	at java.base/java.lang.reflect.Method.invoke(Method.java:568)
	at org.hyperskill.hstest.testing.execution.MainMethodExecutor.invokeMain(MainMethodExecutor.java:172)
	at org.hyperskill.hstest.testing.execution.MainMethodExecutor.lambda$launch$0(MainMethodExecutor.java:199)
	at java.base/java.util.concurrent.Executors$RunnableAdapter.call(Executors.java:539)
	at java.base/java.util.concurrent.FutureTask.run(FutureTask.java:264)
	at java.base/java.util.concurrent.ThreadPoolExecutor.runWorker(ThreadPoolExecutor.java:1136)
	at java.base/java.util.concurrent.ThreadPoolExecutor$Worker.run(ThreadPoolExecutor.java:635)
	at java.base/java.lang.Thread.run(Thread.java:833)
java.io.FileNotFoundException: phonebook.db (The system cannot find the file specified)
	at java.base/java.io.FileInputStream.open0(Native Method)
	at java.base/java.io.FileInputStream.open(FileInputStream.java:216)
	at java.base/java.io.FileInputStream.<init>(FileInputStream.java:157)
	at contacts.phoneBook.PhoneBook.loadFromFile(PhoneBook.java:92)
	at contacts.phoneBook.PhoneBook.<init>(PhoneBook.java:13)
	at contacts.userInterface.UserInterface.<init>(UserInterface.java:19)
	at contacts.Main.main(Main.java:7)
	at java.base/jdk.internal.reflect.NativeMethodAccessorImpl.invoke0(Native Method)
	at java.base/jdk.internal.reflect.NativeMethodAccessorImpl.invoke(NativeMethodAccessorImpl.java:77)
	at java.base/jdk.internal.reflect.DelegatingMethodAccessorImpl.invoke(DelegatingMethodAccessorImpl.java:43)
	at java.base/java.lang.reflect.Method.invoke(Method.java:568)
	at org.hyperskill.hstest.testing.execution.MainMethodExecutor.invokeMain(MainMethodExecutor.java:172)
	at org.hyperskill.hstest.testing.execution.MainMethodExecutor.lambda$launch$0(MainMethodExecutor.java:199)
	at java.base/java.util.concurrent.Executors$RunnableAdapter.call(Executors.java:539)
	at java.base/java.util.concurrent.FutureTask.run(FutureTask.java:264)
	at java.base/java.util.concurrent.ThreadPoolExecutor.runWorker(ThreadPoolExecutor.java:1136)
	at java.base/java.util.concurrent.ThreadPoolExecutor$Worker.run(ThreadPoolExecutor.java:635)
	at java.base/java.lang.Thread.run(Thread.java:833)
java.time.format.DateTimeParseException: Text '' could not be parsed at index 0
	at java.base/java.time.format.DateTimeFormatter.parseResolved0(DateTimeFormatter.java:2052)
	at java.base/java.time.format.DateTimeFormatter.parse(DateTimeFormatter.java:1954)
	at java.base/java.time.LocalDate.parse(LocalDate.java:430)
	at contacts.userInterface.UserInterface.setDate(UserInterface.java:183)
	at contacts.userInterface.UserInterface.addPerson(UserInterface.java:167)
	at contacts.userInterface.UserInterface.start(UserInterface.java:33)
	at contacts.Main.main(Main.java:7)
	at java.base/jdk.internal.reflect.NativeMethodAccessorImpl.invoke0(Native Method)
	at java.base/jdk.internal.reflect.NativeMethodAccessorImpl.invoke(NativeMethodAccessorImpl.java:77)
	at java.base/jdk.internal.reflect.DelegatingMethodAccessorImpl.invoke(DelegatingMethodAccessorImpl.java:43)
	at java.base/java.lang.reflect.Method.invoke(Method.java:568)
	at org.hyperskill.hstest.testing.execution.MainMethodExecutor.invokeMain(MainMethodExecutor.java:172)
	at org.hyperskill.hstest.testing.execution.MainMethodExecutor.lambda$launch$0(MainMethodExecutor.java:199)
	at java.base/java.util.concurrent.Executors$RunnableAdapter.call(Executors.java:539)
	at java.base/java.util.concurrent.FutureTask.run(FutureTask.java:264)
	at java.base/java.util.concurrent.ThreadPoolExecutor.runWorker(ThreadPoolExecutor.java:1136)
	at java.base/java.util.concurrent.ThreadPoolExecutor$Worker.run(ThreadPoolExecutor.java:635)
	at java.base/java.lang.Thread.run(Thread.java:833)
java.io.NotSerializableException: contacts.domain.ContactPerson
	at java.base/java.io.ObjectOutputStream.writeObject0(ObjectOutputStream.java:1197)
	at java.base/java.io.ObjectOutputStream.writeObject(ObjectOutputStream.java:354)
	at java.base/java.util.ArrayList.writeObject(ArrayList.java:866)
	at java.base/jdk.internal.reflect.NativeMethodAccessorImpl.invoke0(Native Method)
	at java.base/jdk.internal.reflect.NativeMethodAccessorImpl.invoke(NativeMethodAccessorImpl.java:77)
	at java.base/jdk.internal.reflect.DelegatingMethodAccessorImpl.invoke(DelegatingMethodAccessorImpl.java:43)
	at java.base/java.lang.reflect.Method.invoke(Method.java:568)
	at java.base/java.io.ObjectStreamClass.invokeWriteObject(ObjectStreamClass.java:1201)
	at java.base/java.io.ObjectOutputStream.writeSerialData(ObjectOutputStream.java:1526)
	at java.base/java.io.ObjectOutputStream.writeOrdinaryObject(ObjectOutputStream.java:1448)
	at java.base/java.io.ObjectOutputStream.writeObject0(ObjectOutputStream.java:1191)
	at java.base/java.io.ObjectOutputStream.writeObject(ObjectOutputStream.java:354)
	at contacts.phoneBook.PhoneBook.saveToFile(PhoneBook.java:83)
	at contacts.phoneBook.PhoneBook.editContact(PhoneBook.java:67)
	at contacts.userInterface.UserInterface.editUI(UserInterface.java:125)
	at contacts.userInterface.UserInterface.recordUI(UserInterface.java:109)
	at contacts.userInterface.UserInterface.listUI(UserInterface.java:65)
	at contacts.userInterface.UserInterface.start(UserInterface.java:39)
	at contacts.Main.main(Main.java:7)
	at java.base/jdk.internal.reflect.NativeMethodAccessorImpl.invoke0(Native Method)
	at java.base/jdk.internal.reflect.NativeMethodAccessorImpl.invoke(NativeMethodAccessorImpl.java:77)
	at java.base/jdk.internal.reflect.DelegatingMethodAccessorImpl.invoke(DelegatingMethodAccessorImpl.java:43)
	at java.base/java.lang.reflect.Method.invoke(Method.java:568)
	at org.hyperskill.hstest.testing.execution.MainMethodExecutor.invokeMain(MainMethodExecutor.java:172)
	at org.hyperskill.hstest.testing.execution.MainMethodExecutor.lambda$launch$0(MainMethodExecutor.java:199)
	at java.base/java.util.concurrent.Executors$RunnableAdapter.call(Executors.java:539)
	at java.base/java.util.concurrent.FutureTask.run(FutureTask.java:264)
	at java.base/java.util.concurrent.ThreadPoolExecutor.runWorker(ThreadPoolExecutor.java:1136)
	at java.base/java.util.concurrent.ThreadPoolExecutor$Worker.run(ThreadPoolExecutor.java:635)
	at java.base/java.lang.Thread.run(Thread.java:833)
java.io.WriteAbortedException: writing aborted; java.io.NotSerializableException: contacts.domain.ContactPerson
	at java.base/java.io.ObjectInputStream.readObject0(ObjectInputStream.java:1751)
	at java.base/java.io.ObjectInputStream.readObject(ObjectInputStream.java:514)
	at java.base/java.io.ObjectInputStream.readObject(ObjectInputStream.java:472)
	at java.base/java.util.ArrayList.readObject(ArrayList.java:899)
	at java.base/jdk.internal.reflect.NativeMethodAccessorImpl.invoke0(Native Method)
	at java.base/jdk.internal.reflect.NativeMethodAccessorImpl.invoke(NativeMethodAccessorImpl.java:77)
	at java.base/jdk.internal.reflect.DelegatingMethodAccessorImpl.invoke(DelegatingMethodAccessorImpl.java:43)
	at java.base/java.lang.reflect.Method.invoke(Method.java:568)
	at java.base/java.io.ObjectStreamClass.invokeReadObject(ObjectStreamClass.java:1231)
	at java.base/java.io.ObjectInputStream.readSerialData(ObjectInputStream.java:2434)
	at java.base/java.io.ObjectInputStream.readOrdinaryObject(ObjectInputStream.java:2268)
	at java.base/java.io.ObjectInputStream.readObject0(ObjectInputStream.java:1744)
	at java.base/java.io.ObjectInputStream.readObject(ObjectInputStream.java:514)
	at java.base/java.io.ObjectInputStream.readObject(ObjectInputStream.java:472)
	at contacts.phoneBook.PhoneBook.loadFromFile(PhoneBook.java:93)
	at contacts.phoneBook.PhoneBook.<init>(PhoneBook.java:13)
	at contacts.userInterface.UserInterface.<init>(UserInterface.java:19)
	at contacts.Main.main(Main.java:7)
	at java.base/jdk.internal.reflect.NativeMethodAccessorImpl.invoke0(Native Method)
	at java.base/jdk.internal.reflect.NativeMethodAccessorImpl.invoke(NativeMethodAccessorImpl.java:77)
	at java.base/jdk.internal.reflect.DelegatingMethodAccessorImpl.invoke(DelegatingMethodAccessorImpl.java:43)
	at java.base/java.lang.reflect.Method.invoke(Method.java:568)
	at org.hyperskill.hstest.testing.execution.MainMethodExecutor.invokeMain(MainMethodExecutor.java:172)
	at org.hyperskill.hstest.testing.execution.MainMethodExecutor.lambda$launch$0(MainMethodExecutor.java:199)
	at java.base/java.util.concurrent.Executors$RunnableAdapter.call(Executors.java:539)
	at java.base/java.util.concurrent.FutureTask.run(FutureTask.java:264)
	at java.base/java.util.concurrent.ThreadPoolExecutor.runWorker(ThreadPoolExecutor.java:1136)
	at java.base/java.util.concurrent.ThreadPoolExecutor$Worker.run(ThreadPoolExecutor.java:635)
	at java.base/java.lang.Thread.run(Thread.java:833)
Caused by: java.io.NotSerializableException: contacts.domain.ContactPerson
	at java.base/java.io.ObjectOutputStream.writeObject0(ObjectOutputStream.java:1197)
	at java.base/java.io.ObjectOutputStream.writeObject(ObjectOutputStream.java:354)
	at java.base/java.util.ArrayList.writeObject(ArrayList.java:866)
	at java.base/jdk.internal.reflect.NativeMethodAccessorImpl.invoke0(Native Method)
	at java.base/jdk.internal.reflect.NativeMethodAccessorImpl.invoke(NativeMethodAccessorImpl.java:77)
	at java.base/jdk.internal.reflect.DelegatingMethodAccessorImpl.invoke(DelegatingMethodAccessorImpl.java:43)
	at java.base/java.lang.reflect.Method.invoke(Method.java:568)
	at java.base/java.io.ObjectStreamClass.invokeWriteObject(ObjectStreamClass.java:1201)
	at java.base/java.io.ObjectOutputStream.writeSerialData(ObjectOutputStream.java:1526)
	at java.base/java.io.ObjectOutputStream.writeOrdinaryObject(ObjectOutputStream.java:1448)
	at java.base/java.io.ObjectOutputStream.writeObject0(ObjectOutputStream.java:1191)
	at java.base/java.io.ObjectOutputStream.writeObject(ObjectOutputStream.java:354)
	at contacts.phoneBook.PhoneBook.saveToFile(PhoneBook.java:83)
	at contacts.phoneBook.PhoneBook.editContact(PhoneBook.java:67)
	at contacts.userInterface.UserInterface.editUI(UserInterface.java:125)
	at contacts.userInterface.UserInterface.recordUI(UserInterface.java:109)
	at contacts.userInterface.UserInterface.listUI(UserInterface.java:65)
	at contacts.userInterface.UserInterface.start(UserInterface.java:39)
	... 12 more
java.io.NotSerializableException: contacts.domain.ContactCompany
	at java.base/java.io.ObjectOutputStream.writeObject0(ObjectOutputStream.java:1197)
	at java.base/java.io.ObjectOutputStream.writeObject(ObjectOutputStream.java:354)
	at java.base/java.util.ArrayList.writeObject(ArrayList.java:866)
	at java.base/jdk.internal.reflect.NativeMethodAccessorImpl.invoke0(Native Method)
	at java.base/jdk.internal.reflect.NativeMethodAccessorImpl.invoke(NativeMethodAccessorImpl.java:77)
	at java.base/jdk.internal.reflect.DelegatingMethodAccessorImpl.invoke(DelegatingMethodAccessorImpl.java:43)
	at java.base/java.lang.reflect.Method.invoke(Method.java:568)
	at java.base/java.io.ObjectStreamClass.invokeWriteObject(ObjectStreamClass.java:1201)
	at java.base/java.io.ObjectOutputStream.writeSerialData(ObjectOutputStream.java:1526)
	at java.base/java.io.ObjectOutputStream.writeOrdinaryObject(ObjectOutputStream.java:1448)
	at java.base/java.io.ObjectOutputStream.writeObject0(ObjectOutputStream.java:1191)
	at java.base/java.io.ObjectOutputStream.writeObject(ObjectOutputStream.java:354)
	at contacts.phoneBook.PhoneBook.saveToFile(PhoneBook.java:83)
	at contacts.phoneBook.PhoneBook.editContact(PhoneBook.java:67)
	at contacts.userInterface.UserInterface.editUI(UserInterface.java:130)
	at contacts.userInterface.UserInterface.recordUI(UserInterface.java:109)
	at contacts.userInterface.UserInterface.listUI(UserInterface.java:65)
	at contacts.userInterface.UserInterface.start(UserInterface.java:39)
	at contacts.Main.main(Main.java:7)
	at java.base/jdk.internal.reflect.NativeMethodAccessorImpl.invoke0(Native Method)
	at java.base/jdk.internal.reflect.NativeMethodAccessorImpl.invoke(NativeMethodAccessorImpl.java:77)
	at java.base/jdk.internal.reflect.DelegatingMethodAccessorImpl.invoke(DelegatingMethodAccessorImpl.java:43)
	at java.base/java.lang.reflect.Method.invoke(Method.java:568)
	at org.hyperskill.hstest.testing.execution.MainMethodExecutor.invokeMain(MainMethodExecutor.java:172)
	at org.hyperskill.hstest.testing.execution.MainMethodExecutor.lambda$launch$0(MainMethodExecutor.java:199)
	at java.base/java.util.concurrent.Executors$RunnableAdapter.call(Executors.java:539)
	at java.base/java.util.concurrent.FutureTask.run(FutureTask.java:264)
	at java.base/java.util.concurrent.ThreadPoolExecutor.runWorker(ThreadPoolExecutor.java:1136)
	at java.base/java.util.concurrent.ThreadPoolExecutor$Worker.run(ThreadPoolExecutor.java:635)
	at java.base/java.lang.Thread.run(Thread.java:833)
java.io.WriteAbortedException: writing aborted; java.io.NotSerializableException: contacts.domain.ContactCompany
	at java.base/java.io.ObjectInputStream.readObject0(ObjectInputStream.java:1751)
	at java.base/java.io.ObjectInputStream.readObject(ObjectInputStream.java:514)
	at java.base/java.io.ObjectInputStream.readObject(ObjectInputStream.java:472)
	at java.base/java.util.ArrayList.readObject(ArrayList.java:899)
	at java.base/jdk.internal.reflect.NativeMethodAccessorImpl.invoke0(Native Method)
	at java.base/jdk.internal.reflect.NativeMethodAccessorImpl.invoke(NativeMethodAccessorImpl.java:77)
	at java.base/jdk.internal.reflect.DelegatingMethodAccessorImpl.invoke(DelegatingMethodAccessorImpl.java:43)
	at java.base/java.lang.reflect.Method.invoke(Method.java:568)
	at java.base/java.io.ObjectStreamClass.invokeReadObject(ObjectStreamClass.java:1231)
	at java.base/java.io.ObjectInputStream.readSerialData(ObjectInputStream.java:2434)
	at java.base/java.io.ObjectInputStream.readOrdinaryObject(ObjectInputStream.java:2268)
	at java.base/java.io.ObjectInputStream.readObject0(ObjectInputStream.java:1744)
	at java.base/java.io.ObjectInputStream.readObject(ObjectInputStream.java:514)
	at java.base/java.io.ObjectInputStream.readObject(ObjectInputStream.java:472)
	at contacts.phoneBook.PhoneBook.loadFromFile(PhoneBook.java:93)
	at contacts.phoneBook.PhoneBook.<init>(PhoneBook.java:13)
	at contacts.userInterface.UserInterface.<init>(UserInterface.java:19)
	at contacts.Main.main(Main.java:7)
	at java.base/jdk.internal.reflect.NativeMethodAccessorImpl.invoke0(Native Method)
	at java.base/jdk.internal.reflect.NativeMethodAccessorImpl.invoke(NativeMethodAccessorImpl.java:77)
	at java.base/jdk.internal.reflect.DelegatingMethodAccessorImpl.invoke(DelegatingMethodAccessorImpl.java:43)
	at java.base/java.lang.reflect.Method.invoke(Method.java:568)
	at org.hyperskill.hstest.testing.execution.MainMethodExecutor.invokeMain(MainMethodExecutor.java:172)
	at org.hyperskill.hstest.testing.execution.MainMethodExecutor.lambda$launch$0(MainMethodExecutor.java:199)
	at java.base/java.util.concurrent.Executors$RunnableAdapter.call(Executors.java:539)
	at java.base/java.util.concurrent.FutureTask.run(FutureTask.java:264)
	at java.base/java.util.concurrent.ThreadPoolExecutor.runWorker(ThreadPoolExecutor.java:1136)
	at java.base/java.util.concurrent.ThreadPoolExecutor$Worker.run(ThreadPoolExecutor.java:635)
	at java.base/java.lang.Thread.run(Thread.java:833)
Caused by: java.io.NotSerializableException: contacts.domain.ContactCompany
	at java.base/java.io.ObjectOutputStream.writeObject0(ObjectOutputStream.java:1197)
	at java.base/java.io.ObjectOutputStream.writeObject(ObjectOutputStream.java:354)
	at java.base/java.util.ArrayList.writeObject(ArrayList.java:866)
	at java.base/jdk.internal.reflect.NativeMethodAccessorImpl.invoke0(Native Method)
	at java.base/jdk.internal.reflect.NativeMethodAccessorImpl.invoke(NativeMethodAccessorImpl.java:77)
	at java.base/jdk.internal.reflect.DelegatingMethodAccessorImpl.invoke(DelegatingMethodAccessorImpl.java:43)
	at java.base/java.lang.reflect.Method.invoke(Method.java:568)
	at java.base/java.io.ObjectStreamClass.invokeWriteObject(ObjectStreamClass.java:1201)
	at java.base/java.io.ObjectOutputStream.writeSerialData(ObjectOutputStream.java:1526)
	at java.base/java.io.ObjectOutputStream.writeOrdinaryObject(ObjectOutputStream.java:1448)
	at java.base/java.io.ObjectOutputStream.writeObject0(ObjectOutputStream.java:1191)
	at java.base/java.io.ObjectOutputStream.writeObject(ObjectOutputStream.java:354)
	at contacts.phoneBook.PhoneBook.saveToFile(PhoneBook.java:83)
	at contacts.phoneBook.PhoneBook.editContact(PhoneBook.java:67)
	at contacts.userInterface.UserInterface.editUI(UserInterface.java:130)
	at contacts.userInterface.UserInterface.recordUI(UserInterface.java:109)
	at contacts.userInterface.UserInterface.listUI(UserInterface.java:65)
	at contacts.userInterface.UserInterface.start(UserInterface.java:39)
	... 12 more
java.time.format.DateTimeParseException: Text '' could not be parsed at index 0
	at java.base/java.time.format.DateTimeFormatter.parseResolved0(DateTimeFormatter.java:2052)
	at java.base/java.time.format.DateTimeFormatter.parse(DateTimeFormatter.java:1954)
	at java.base/java.time.LocalDate.parse(LocalDate.java:430)
	at contacts.userInterface.UserInterface.setDate(UserInterface.java:183)
	at contacts.userInterface.UserInterface.addPerson(UserInterface.java:167)
	at contacts.userInterface.UserInterface.start(UserInterface.java:33)
	at contacts.Main.main(Main.java:7)
	at java.base/jdk.internal.reflect.NativeMethodAccessorImpl.invoke0(Native Method)
	at java.base/jdk.internal.reflect.NativeMethodAccessorImpl.invoke(NativeMethodAccessorImpl.java:77)
	at java.base/jdk.internal.reflect.DelegatingMethodAccessorImpl.invoke(DelegatingMethodAccessorImpl.java:43)
	at java.base/java.lang.reflect.Method.invoke(Method.java:568)
	at org.hyperskill.hstest.testing.execution.MainMethodExecutor.invokeMain(MainMethodExecutor.java:172)
	at org.hyperskill.hstest.testing.execution.MainMethodExecutor.lambda$launch$0(MainMethodExecutor.java:199)
	at java.base/java.util.concurrent.Executors$RunnableAdapter.call(Executors.java:539)
	at java.base/java.util.concurrent.FutureTask.run(FutureTask.java:264)
	at java.base/java.util.concurrent.ThreadPoolExecutor.runWorker(ThreadPoolExecutor.java:1136)
	at java.base/java.util.concurrent.ThreadPoolExecutor$Worker.run(ThreadPoolExecutor.java:635)
	at java.base/java.lang.Thread.run(Thread.java:833)
java.io.WriteAbortedException: writing aborted; java.io.NotSerializableException: contacts.domain.ContactCompany
	at java.base/java.io.ObjectInputStream.readObject0(ObjectInputStream.java:1751)
	at java.base/java.io.ObjectInputStream.readObject(ObjectInputStream.java:514)
	at java.base/java.io.ObjectInputStream.readObject(ObjectInputStream.java:472)
	at java.base/java.util.ArrayList.readObject(ArrayList.java:899)
	at java.base/jdk.internal.reflect.NativeMethodAccessorImpl.invoke0(Native Method)
	at java.base/jdk.internal.reflect.NativeMethodAccessorImpl.invoke(NativeMethodAccessorImpl.java:77)
	at java.base/jdk.internal.reflect.DelegatingMethodAccessorImpl.invoke(DelegatingMethodAccessorImpl.java:43)
	at java.base/java.lang.reflect.Method.invoke(Method.java:568)
	at java.base/java.io.ObjectStreamClass.invokeReadObject(ObjectStreamClass.java:1231)
	at java.base/java.io.ObjectInputStream.readSerialData(ObjectInputStream.java:2434)
	at java.base/java.io.ObjectInputStream.readOrdinaryObject(ObjectInputStream.java:2268)
	at java.base/java.io.ObjectInputStream.readObject0(ObjectInputStream.java:1744)
	at java.base/java.io.ObjectInputStream.readObject(ObjectInputStream.java:514)
	at java.base/java.io.ObjectInputStream.readObject(ObjectInputStream.java:472)
	at contacts.phoneBook.PhoneBook.loadFromFile(PhoneBook.java:93)
	at contacts.phoneBook.PhoneBook.<init>(PhoneBook.java:13)
	at contacts.userInterface.UserInterface.<init>(UserInterface.java:19)
	at contacts.Main.main(Main.java:7)
	at java.base/jdk.internal.reflect.NativeMethodAccessorImpl.invoke0(Native Method)
	at java.base/jdk.internal.reflect.NativeMethodAccessorImpl.invoke(NativeMethodAccessorImpl.java:77)
	at java.base/jdk.internal.reflect.DelegatingMethodAccessorImpl.invoke(DelegatingMethodAccessorImpl.java:43)
	at java.base/java.lang.reflect.Method.invoke(Method.java:568)
	at org.hyperskill.hstest.testing.execution.MainMethodExecutor.invokeMain(MainMethodExecutor.java:172)
	at org.hyperskill.hstest.testing.execution.MainMethodExecutor.lambda$launch$0(MainMethodExecutor.java:199)
	at java.base/java.util.concurrent.Executors$RunnableAdapter.call(Executors.java:539)
	at java.base/java.util.concurrent.FutureTask.run(FutureTask.java:264)
	at java.base/java.util.concurrent.ThreadPoolExecutor.runWorker(ThreadPoolExecutor.java:1136)
	at java.base/java.util.concurrent.ThreadPoolExecutor$Worker.run(ThreadPoolExecutor.java:635)
	at java.base/java.lang.Thread.run(Thread.java:833)
Caused by: java.io.NotSerializableException: contacts.domain.ContactCompany
	at java.base/java.io.ObjectOutputStream.writeObject0(ObjectOutputStream.java:1197)
	at java.base/java.io.ObjectOutputStream.writeObject(ObjectOutputStream.java:354)
	at java.base/java.util.ArrayList.writeObject(ArrayList.java:866)
	at java.base/jdk.internal.reflect.NativeMethodAccessorImpl.invoke0(Native Method)
	at java.base/jdk.internal.reflect.NativeMethodAccessorImpl.invoke(NativeMethodAccessorImpl.java:77)
	at java.base/jdk.internal.reflect.DelegatingMethodAccessorImpl.invoke(DelegatingMethodAccessorImpl.java:43)
	at java.base/java.lang.reflect.Method.invoke(Method.java:568)
	at java.base/java.io.ObjectStreamClass.invokeWriteObject(ObjectStreamClass.java:1201)
	at java.base/java.io.ObjectOutputStream.writeSerialData(ObjectOutputStream.java:1526)
	at java.base/java.io.ObjectOutputStream.writeOrdinaryObject(ObjectOutputStream.java:1448)
	at java.base/java.io.ObjectOutputStream.writeObject0(ObjectOutputStream.java:1191)
	at java.base/java.io.ObjectOutputStream.writeObject(ObjectOutputStream.java:354)
	at contacts.phoneBook.PhoneBook.saveToFile(PhoneBook.java:83)
	at contacts.phoneBook.PhoneBook.editContact(PhoneBook.java:67)
	at contacts.userInterface.UserInterface.editUI(UserInterface.java:130)
	at contacts.userInterface.UserInterface.recordUI(UserInterface.java:109)
	at contacts.userInterface.UserInterface.listUI(UserInterface.java:65)
	at contacts.userInterface.UserInterface.start(UserInterface.java:39)
	... 12 more
java.time.format.DateTimeParseException: Text '' could not be parsed at index 0
	at java.base/java.time.format.DateTimeFormatter.parseResolved0(DateTimeFormatter.java:2052)
	at java.base/java.time.format.DateTimeFormatter.parse(DateTimeFormatter.java:1954)
	at java.base/java.time.LocalDate.parse(LocalDate.java:430)
	at contacts.userInterface.UserInterface.setDate(UserInterface.java:183)
	at contacts.userInterface.UserInterface.addPerson(UserInterface.java:167)
	at contacts.userInterface.UserInterface.start(UserInterface.java:33)
	at contacts.Main.main(Main.java:7)
	at java.base/jdk.internal.reflect.NativeMethodAccessorImpl.invoke0(Native Method)
	at java.base/jdk.internal.reflect.NativeMethodAccessorImpl.invoke(NativeMethodAccessorImpl.java:77)
	at java.base/jdk.internal.reflect.DelegatingMethodAccessorImpl.invoke(DelegatingMethodAccessorImpl.java:43)
	at java.base/java.lang.reflect.Method.invoke(Method.java:568)
	at org.hyperskill.hstest.testing.execution.MainMethodExecutor.invokeMain(MainMethodExecutor.java:172)
	at org.hyperskill.hstest.testing.execution.MainMethodExecutor.lambda$launch$0(MainMethodExecutor.java:199)
	at java.base/java.util.concurrent.Executors$RunnableAdapter.call(Executors.java:539)
	at java.base/java.util.concurrent.FutureTask.run(FutureTask.java:264)
	at java.base/java.util.concurrent.ThreadPoolExecutor.runWorker(ThreadPoolExecutor.java:1136)
	at java.base/java.util.concurrent.ThreadPoolExecutor$Worker.run(ThreadPoolExecutor.java:635)
	at java.base/java.lang.Thread.run(Thread.java:833)
java.io.WriteAbortedException: writing aborted; java.io.NotSerializableException: contacts.domain.ContactCompany
	at java.base/java.io.ObjectInputStream.readObject0(ObjectInputStream.java:1751)
	at java.base/java.io.ObjectInputStream.readObject(ObjectInputStream.java:514)
	at java.base/java.io.ObjectInputStream.readObject(ObjectInputStream.java:472)
	at java.base/java.util.ArrayList.readObject(ArrayList.java:899)
	at java.base/jdk.internal.reflect.NativeMethodAccessorImpl.invoke0(Native Method)
	at java.base/jdk.internal.reflect.NativeMethodAccessorImpl.invoke(NativeMethodAccessorImpl.java:77)
	at java.base/jdk.internal.reflect.DelegatingMethodAccessorImpl.invoke(DelegatingMethodAccessorImpl.java:43)
	at java.base/java.lang.reflect.Method.invoke(Method.java:568)
	at java.base/java.io.ObjectStreamClass.invokeReadObject(ObjectStreamClass.java:1231)
	at java.base/java.io.ObjectInputStream.readSerialData(ObjectInputStream.java:2434)
	at java.base/java.io.ObjectInputStream.readOrdinaryObject(ObjectInputStream.java:2268)
	at java.base/java.io.ObjectInputStream.readObject0(ObjectInputStream.java:1744)
	at java.base/java.io.ObjectInputStream.readObject(ObjectInputStream.java:514)
	at java.base/java.io.ObjectInputStream.readObject(ObjectInputStream.java:472)
	at contacts.phoneBook.PhoneBook.loadFromFile(PhoneBook.java:93)
	at contacts.phoneBook.PhoneBook.<init>(PhoneBook.java:13)
	at contacts.userInterface.UserInterface.<init>(UserInterface.java:19)
	at contacts.Main.main(Main.java:7)
	at java.base/jdk.internal.reflect.NativeMethodAccessorImpl.invoke0(Native Method)
	at java.base/jdk.internal.reflect.NativeMethodAccessorImpl.invoke(NativeMethodAccessorImpl.java:77)
	at java.base/jdk.internal.reflect.DelegatingMethodAccessorImpl.invoke(DelegatingMethodAccessorImpl.java:43)
	at java.base/java.lang.reflect.Method.invoke(Method.java:568)
	at org.hyperskill.hstest.testing.execution.MainMethodExecutor.invokeMain(MainMethodExecutor.java:172)
	at org.hyperskill.hstest.testing.execution.MainMethodExecutor.lambda$launch$0(MainMethodExecutor.java:199)
	at java.base/java.util.concurrent.Executors$RunnableAdapter.call(Executors.java:539)
	at java.base/java.util.concurrent.FutureTask.run(FutureTask.java:264)
	at java.base/java.util.concurrent.ThreadPoolExecutor.runWorker(ThreadPoolExecutor.java:1136)
	at java.base/java.util.concurrent.ThreadPoolExecutor$Worker.run(ThreadPoolExecutor.java:635)
	at java.base/java.lang.Thread.run(Thread.java:833)
Caused by: java.io.NotSerializableException: contacts.domain.ContactCompany
	at java.base/java.io.ObjectOutputStream.writeObject0(ObjectOutputStream.java:1197)
	at java.base/java.io.ObjectOutputStream.writeObject(ObjectOutputStream.java:354)
	at java.base/java.util.ArrayList.writeObject(ArrayList.java:866)
	at java.base/jdk.internal.reflect.NativeMethodAccessorImpl.invoke0(Native Method)
	at java.base/jdk.internal.reflect.NativeMethodAccessorImpl.invoke(NativeMethodAccessorImpl.java:77)
	at java.base/jdk.internal.reflect.DelegatingMethodAccessorImpl.invoke(DelegatingMethodAccessorImpl.java:43)
	at java.base/java.lang.reflect.Method.invoke(Method.java:568)
	at java.base/java.io.ObjectStreamClass.invokeWriteObject(ObjectStreamClass.java:1201)
	at java.base/java.io.ObjectOutputStream.writeSerialData(ObjectOutputStream.java:1526)
	at java.base/java.io.ObjectOutputStream.writeOrdinaryObject(ObjectOutputStream.java:1448)
	at java.base/java.io.ObjectOutputStream.writeObject0(ObjectOutputStream.java:1191)
	at java.base/java.io.ObjectOutputStream.writeObject(ObjectOutputStream.java:354)
	at contacts.phoneBook.PhoneBook.saveToFile(PhoneBook.java:83)
	at contacts.phoneBook.PhoneBook.editContact(PhoneBook.java:67)
	at contacts.userInterface.UserInterface.editUI(UserInterface.java:130)
	at contacts.userInterface.UserInterface.recordUI(UserInterface.java:109)
	at contacts.userInterface.UserInterface.listUI(UserInterface.java:65)
	at contacts.userInterface.UserInterface.start(UserInterface.java:39)
	... 12 more
java.time.format.DateTimeParseException: Text '' could not be parsed at index 0
	at java.base/java.time.format.DateTimeFormatter.parseResolved0(DateTimeFormatter.java:2052)
	at java.base/java.time.format.DateTimeFormatter.parse(DateTimeFormatter.java:1954)
	at java.base/java.time.LocalDate.parse(LocalDate.java:430)
	at contacts.userInterface.UserInterface.setDate(UserInterface.java:183)
	at contacts.userInterface.UserInterface.addPerson(UserInterface.java:167)
	at contacts.userInterface.UserInterface.start(UserInterface.java:33)
	at contacts.Main.main(Main.java:7)
	at java.base/jdk.internal.reflect.NativeMethodAccessorImpl.invoke0(Native Method)
	at java.base/jdk.internal.reflect.NativeMethodAccessorImpl.invoke(NativeMethodAccessorImpl.java:77)
	at java.base/jdk.internal.reflect.DelegatingMethodAccessorImpl.invoke(DelegatingMethodAccessorImpl.java:43)
	at java.base/java.lang.reflect.Method.invoke(Method.java:568)
	at org.hyperskill.hstest.testing.execution.MainMethodExecutor.invokeMain(MainMethodExecutor.java:172)
	at org.hyperskill.hstest.testing.execution.MainMethodExecutor.lambda$launch$0(MainMethodExecutor.java:199)
	at java.base/java.util.concurrent.Executors$RunnableAdapter.call(Executors.java:539)
	at java.base/java.util.concurrent.FutureTask.run(FutureTask.java:264)
	at java.base/java.util.concurrent.ThreadPoolExecutor.runWorker(ThreadPoolExecutor.java:1136)
	at java.base/java.util.concurrent.ThreadPoolExecutor$Worker.run(ThreadPoolExecutor.java:635)
	at java.base/java.lang.Thread.run(Thread.java:833)
]]></system-err>
</testsuite>
